#
# There is insufficient memory for the Java Runtime Environment to continue.
# Native memory allocation (mmap) failed to map 1048576 bytes for G1 virtual space
# Possible reasons:
#   The system is out of physical RAM or swap space
#   The process is running with CompressedOops enabled, and the Java Heap may be blocking the growth of the native heap
# Possible solutions:
#   Reduce memory load on the system
#   Increase physical memory or swap space
#   Check if swap backing store is full
#   Decrease Java heap size (-Xmx/-Xms)
#   Decrease number of Java threads
#   Decrease Java thread stack sizes (-Xss)
#   Set larger code cache with -XX:ReservedCodeCacheSize=
#   JVM is running with Unscaled Compressed Oops mode in which the Java heap is
#     placed in the first 4GB address space. The Java Heap base address is the
#     maximum limit for the native heap growth. Please use -XX:HeapBaseMinAddress
#     to set the Java Heap base and to place the Java Heap above 4GB virtual address.
# This output file may be truncated or incomplete.
#
#  Out of Memory Error (os_windows.cpp:3548), pid=21296, tid=11692
#
# JRE version:  (17.0.11+7) (build )
# Java VM: Java HotSpot(TM) 64-Bit Server VM (17.0.11+7-LTS-207, mixed mode, sharing, tiered, compressed oops, compressed class ptrs, g1 gc, windows-amd64)
# No core dump will be written. Minidumps are not enabled by default on client versions of Windows
#

---------------  S U M M A R Y ------------

Command Line: -Xmx64m -Xms64m -Dorg.gradle.appname=gradlew E:\ZuvyStore\ZuvyStore\android\\gradle\wrapper\gradle-wrapper.jar app:installDebug -PreactNativeDevServerPort=8081

Host: Intel(R) Core(TM) i3-1005G1 CPU @ 1.20GHz, 4 cores, 7G,  Windows 11 , 64 bit Build 26100 (10.0.26100.4484)
Time: Tue Oct 21 22:51:06 2025 India Standard Time elapsed time: 0.174784 seconds (0d 0h 0m 0s)

---------------  T H R E A D  ---------------

Current thread (0x000001e931fb8140):  JavaThread "Unknown thread" [_thread_in_vm, id=11692, stack(0x0000002b1c100000,0x0000002b1c200000)]

Stack: [0x0000002b1c100000,0x0000002b1c200000]
Native frames: (J=compiled Java code, j=interpreted, Vv=VM code, C=native code)
V  [jvm.dll+0x679cca]
V  [jvm.dll+0x7da13d]
V  [jvm.dll+0x7dba83]
V  [jvm.dll+0x7dc0f3]
V  [jvm.dll+0x2449af]
V  [jvm.dll+0x676ce9]
V  [jvm.dll+0x66b852]
V  [jvm.dll+0x3018d6]
V  [jvm.dll+0x308e76]
V  [jvm.dll+0x359703]
V  [jvm.dll+0x35991f]
V  [jvm.dll+0x2d89a8]
V  [jvm.dll+0x2d9914]
V  [jvm.dll+0x7ac6b1]
V  [jvm.dll+0x366f61]
V  [jvm.dll+0x78b609]
V  [jvm.dll+0x3ec22f]
V  [jvm.dll+0x3ede61]
C  [jli.dll+0x5297]
C  [ucrtbase.dll+0x37b0]
C  [KERNEL32.DLL+0x2e8d7]
C  [ntdll.dll+0x3c34c]


---------------  P R O C E S S  ---------------

Threads class SMR info:
_java_thread_list=0x00007ff9e5b87a18, length=0, elements={
}

Java Threads: ( => current thread )

Other Threads:
  0x000001e931fd8e30 GCTaskThread "GC Thread#0" [stack: 0x0000002b1c200000,0x0000002b1c300000] [id=9392]
  0x000001e931fda580 ConcurrentGCThread "G1 Main Marker" [stack: 0x0000002b1c300000,0x0000002b1c400000] [id=17684]
  0x000001e931fdbc60 ConcurrentGCThread "G1 Conc#0" [stack: 0x0000002b1c400000,0x0000002b1c500000] [id=28348]

[error occurred during error reporting (printing all threads), id 0xc0000005, EXCEPTION_ACCESS_VIOLATION (0xc0000005) at pc=0x00007ff9e53b9497]

VM state: not at safepoint (not fully initialized)

VM Mutex/Monitor currently owned by a thread:  ([mutex/lock_event])
[0x000001e931fb2fa0] Heap_lock - owner thread: 0x000001e931fb8140

Heap address: 0x00000000fc000000, size: 64 MB, Compressed Oops mode: 32-bit

CDS archive(s) mapped at: [0x0000000000000000-0x0000000000000000-0x0000000000000000), size 0, SharedBaseAddress: 0x0000000800000000, ArchiveRelocationMode: 1.
Narrow klass base: 0x0000000000000000, Narrow klass shift: 0, Narrow klass range: 0x0

GC Precious Log:
<Empty>

Heap:
 garbage-first heap   total 0K, used 0K [0x00000000fc000000, 0x0000000100000000)
  region size 1024K, 0 young (0K), 0 survivors (0K)

[error occurred during error reporting (printing heap information), id 0xc0000005, EXCEPTION_ACCESS_VIOLATION (0xc0000005) at pc=0x00007ff9e57a3559]

GC Heap History (0 events):
No events

Deoptimization events (0 events):
No events

Classes unloaded (0 events):
No events

Classes redefined (0 events):
No events

Internal exceptions (0 events):
No events

VM Operations (0 events):
No events

Events (1 events):
Event: 0.011 Loaded shared library C:\Program Files\Java\jdk-17.0.11_windows-x64_bin\jdk-17.0.11\bin\java.dll


Dynamic libraries:
0x00007ff6bbe40000 - 0x00007ff6bbe50000 	C:\Program Files\Java\jdk-17.0.11_windows-x64_bin\jdk-17.0.11\bin\java.exe
0x00007ffa51f60000 - 0x00007ffa521c8000 	C:\WINDOWS\SYSTEM32\ntdll.dll
0x00007ffa50b20000 - 0x00007ffa50be9000 	C:\WINDOWS\System32\KERNEL32.DLL
0x00007ffa4f3c0000 - 0x00007ffa4f7ad000 	C:\WINDOWS\System32\KERNELBASE.dll
0x00007ffa4f860000 - 0x00007ffa4f9ab000 	C:\WINDOWS\System32\ucrtbase.dll
0x00007ffa40610000 - 0x00007ffa4062b000 	C:\Program Files\Java\jdk-17.0.11_windows-x64_bin\jdk-17.0.11\bin\VCRUNTIME140.dll
0x00007ffa40670000 - 0x00007ffa40689000 	C:\Program Files\Java\jdk-17.0.11_windows-x64_bin\jdk-17.0.11\bin\jli.dll
0x00007ffa51280000 - 0x00007ffa51334000 	C:\WINDOWS\System32\ADVAPI32.dll
0x00007ffa50090000 - 0x00007ffa50139000 	C:\WINDOWS\System32\msvcrt.dll
0x00007ffa502b0000 - 0x00007ffa50356000 	C:\WINDOWS\System32\sechost.dll
0x00007ffa50190000 - 0x00007ffa502a8000 	C:\WINDOWS\System32\RPCRT4.dll
0x00007ffa506f0000 - 0x00007ffa508bc000 	C:\WINDOWS\System32\USER32.dll
0x00007ffa3eb30000 - 0x00007ffa3edca000 	C:\WINDOWS\WinSxS\amd64_microsoft.windows.common-controls_6595b64144ccf1df_6.0.26100.4484_none_3e0e6d4ce32ef3b3\COMCTL32.dll
0x00007ffa4f210000 - 0x00007ffa4f237000 	C:\WINDOWS\System32\win32u.dll
0x00007ffa4fd00000 - 0x00007ffa4fd2b000 	C:\WINDOWS\System32\GDI32.dll
0x00007ffa4f9b0000 - 0x00007ffa4fae7000 	C:\WINDOWS\System32\gdi32full.dll
0x00007ffa4f7b0000 - 0x00007ffa4f853000 	C:\WINDOWS\System32\msvcp_win.dll
0x00007ffa4e990000 - 0x00007ffa4e99b000 	C:\WINDOWS\SYSTEM32\VERSION.dll
0x00007ffa508f0000 - 0x00007ffa5091f000 	C:\WINDOWS\System32\IMM32.DLL
0x0000000068e70000 - 0x0000000068e7c000 	C:\Program Files (x86)\360\Total Security\safemon\SafeWrapper.dll
0x00007ffa49a60000 - 0x00007ffa49a6c000 	C:\Program Files\Java\jdk-17.0.11_windows-x64_bin\jdk-17.0.11\bin\vcruntime140_1.dll
0x00007ffa2aff0000 - 0x00007ffa2b07e000 	C:\Program Files\Java\jdk-17.0.11_windows-x64_bin\jdk-17.0.11\bin\msvcp140.dll
0x00007ff9e50d0000 - 0x00007ff9e5cb0000 	C:\Program Files\Java\jdk-17.0.11_windows-x64_bin\jdk-17.0.11\bin\server\jvm.dll
0x00007ffa51050000 - 0x00007ffa51058000 	C:\WINDOWS\System32\PSAPI.DLL
0x00007ffa39f10000 - 0x00007ffa39f45000 	C:\WINDOWS\SYSTEM32\WINMM.dll
0x00007ffa43c40000 - 0x00007ffa43c4a000 	C:\WINDOWS\SYSTEM32\WSOCK32.dll
0x00007ffa51160000 - 0x00007ffa511d4000 	C:\WINDOWS\System32\WS2_32.dll
0x00007ffa4ddb0000 - 0x00007ffa4ddcb000 	C:\WINDOWS\SYSTEM32\kernel.appcore.dll
0x00007ffa438a0000 - 0x00007ffa438aa000 	C:\Program Files\Java\jdk-17.0.11_windows-x64_bin\jdk-17.0.11\bin\jimage.dll
0x00007ffa4c6d0000 - 0x00007ffa4c911000 	C:\WINDOWS\SYSTEM32\DBGHELP.DLL
0x00007ffa50360000 - 0x00007ffa506e6000 	C:\WINDOWS\System32\combase.dll
0x00007ffa50930000 - 0x00007ffa50a10000 	C:\WINDOWS\System32\OLEAUT32.dll
0x00007ffa38700000 - 0x00007ffa38743000 	C:\WINDOWS\SYSTEM32\dbgcore.DLL
0x00007ffa4f0b0000 - 0x00007ffa4f149000 	C:\WINDOWS\System32\bcryptPrimitives.dll
0x00007ffa3f890000 - 0x00007ffa3f8b5000 	C:\Program Files\Java\jdk-17.0.11_windows-x64_bin\jdk-17.0.11\bin\java.dll

dbghelp: loaded successfully - version: 4.0.5 - missing functions: none
symbol engine: initialized successfully - sym options: 0x614 - pdb path: .;C:\Program Files\Java\jdk-17.0.11_windows-x64_bin\jdk-17.0.11\bin;C:\WINDOWS\SYSTEM32;C:\WINDOWS\WinSxS\amd64_microsoft.windows.common-controls_6595b64144ccf1df_6.0.26100.4484_none_3e0e6d4ce32ef3b3;C:\Program Files (x86)\360\Total Security\safemon;C:\Program Files\Java\jdk-17.0.11_windows-x64_bin\jdk-17.0.11\bin\server

VM Arguments:
jvm_args: -Xmx64m -Xms64m -Dorg.gradle.appname=gradlew 
java_command: E:\ZuvyStore\ZuvyStore\android\\gradle\wrapper\gradle-wrapper.jar app:installDebug -PreactNativeDevServerPort=8081
java_class_path (initial): E:\ZuvyStore\ZuvyStore\android\\gradle\wrapper\gradle-wrapper.jar
Launcher Type: SUN_STANDARD

[Global flags]
     intx CICompilerCount                          = 3                                         {product} {ergonomic}
     uint ConcGCThreads                            = 1                                         {product} {ergonomic}
     uint G1ConcRefinementThreads                  = 4                                         {product} {ergonomic}
   size_t G1HeapRegionSize                         = 1048576                                   {product} {ergonomic}
    uintx GCDrainStackTargetSize                   = 64                                        {product} {ergonomic}
   size_t InitialHeapSize                          = 67108864                                  {product} {command line}
   size_t MarkStackSize                            = 4194304                                   {product} {ergonomic}
   size_t MaxHeapSize                              = 67108864                                  {product} {command line}
   size_t MinHeapDeltaBytes                        = 1048576                                   {product} {ergonomic}
   size_t MinHeapSize                              = 67108864                                  {product} {command line}
    uintx NonNMethodCodeHeapSize                   = 5832780                                {pd product} {ergonomic}
    uintx NonProfiledCodeHeapSize                  = 122912730                              {pd product} {ergonomic}
    uintx ProfiledCodeHeapSize                     = 122912730                              {pd product} {ergonomic}
    uintx ReservedCodeCacheSize                    = 251658240                              {pd product} {ergonomic}
     bool SegmentedCodeCache                       = true                                      {product} {ergonomic}
   size_t SoftMaxHeapSize                          = 67108864                               {manageable} {ergonomic}
     bool UseCompressedClassPointers               = true                           {product lp64_product} {ergonomic}
     bool UseCompressedOops                        = true                           {product lp64_product} {ergonomic}
     bool UseG1GC                                  = true                                      {product} {ergonomic}
     bool UseLargePagesIndividualAllocation        = false                                  {pd product} {ergonomic}

Logging:
Log output configuration:
 #0: stdout all=warning uptime,level,tags
 #1: stderr all=off uptime,level,tags

Environment Variables:
JAVA_HOME=C:\Program Files\Java\jdk-17.0.11_windows-x64_bin\jdk-17.0.11
PATH=E:\ZuvyStore\ZuvyStore\node_modules\.bin;E:\ZuvyStore\ZuvyStore\node_modules\.bin;E:\ZuvyStore\node_modules\.bin;E:\node_modules\.bin;C:\Users\hp\AppData\Roaming\npm\node_modules\npm\node_modules\@npmcli\run-script\lib\node-gyp-bin;C:\Program Files\Common Files\Oracle\Java\javapath;C:\WINDOWS\system32;C:\WINDOWS;C:\WINDOWS\System32\Wbem;C:\WINDOWS\System32\WindowsPowerShell\v1.0\;C:\WINDOWS\System32\OpenSSH\;C:\Program Files\Git\cmd;C:\Program Files\nodejs\;%JAVA_HOME%\bin;C:\Users\hp\AppData\Local\Android\Sdk\tools;C:\Users\hp\AppData\Local\Android\Sdk\bin;C:\Users\hp\AppData\Local\Android\Sdk\platform-tools;C:\Users\hp\AppData\Local\Microsoft\WindowsApps;C:\Users\hp\AppData\Roaming\npm;C:\Users\hp\AppData\Local\Programs\Microsoft VS Code\bin;C:\Users\hp\AppData\Local\Python\bin
USERNAME=hp
LANG=en_US.UTF-8
OS=Windows_NT
PROCESSOR_IDENTIFIER=Intel64 Family 6 Model 126 Stepping 5, GenuineIntel



---------------  S Y S T E M  ---------------

OS:
 Windows 11 , 64 bit Build 26100 (10.0.26100.4484)
OS uptime: 5 days 8:25 hours
Hyper-V role detected

CPU: total 4 (initial active 4) (2 cores per cpu, 2 threads per core) family 6 model 126 stepping 5 microcode 0x86, cx8, cmov, fxsr, ht, mmx, 3dnowpref, sse, sse2, sse3, ssse3, sse4.1, sse4.2, popcnt, lzcnt, tsc, tscinvbit, avx, avx2, aes, erms, clmul, bmi1, bmi2, adx, avx512f, avx512dq, avx512cd, avx512bw, avx512vl, sha, fma, vzeroupper, avx512_vpopcntdq, avx512_vpclmulqdq, avx512_vaes, avx512_vnni, clflush, clflushopt, avx512_vbmi2, avx512_vbmi, hv

Memory: 4k page, system-wide physical 7880M (427M free)
TotalPageFile size 23046M (AvailPageFile size 7M)
current process WorkingSet (physical memory assigned to process): 12M, peak: 12M
current process commit charge ("private bytes"): 115M, peak: 116M

vm_info: Java HotSpot(TM) 64-Bit Server VM (17.0.11+7-LTS-207) for windows-amd64 JRE (17.0.11+7-LTS-207), built on Mar 11 2024 19:01:50 by "mach5one" with MS VC++ 17.6 (VS2022)

END.
