#
# There is insufficient memory for the Java Runtime Environment to continue.
# Native memory allocation (malloc) failed to allocate 253104 bytes for Chunk::new
# Possible reasons:
#   The system is out of physical RAM or swap space
#   The process is running with CompressedOops enabled, and the Java Heap may be blocking the growth of the native heap
# Possible solutions:
#   Reduce memory load on the system
#   Increase physical memory or swap space
#   Check if swap backing store is full
#   Decrease Java heap size (-Xmx/-Xms)
#   Decrease number of Java threads
#   Decrease Java thread stack sizes (-Xss)
#   Set larger code cache with -XX:ReservedCodeCacheSize=
#   JVM is running with Unscaled Compressed Oops mode in which the Java heap is
#     placed in the first 4GB address space. The Java Heap base address is the
#     maximum limit for the native heap growth. Please use -XX:HeapBaseMinAddress
#     to set the Java Heap base and to place the Java Heap above 4GB virtual address.
# This output file may be truncated or incomplete.
#
#  Out of Memory Error (arena.cpp:189), pid=26472, tid=12012
#
# JRE version: Java(TM) SE Runtime Environment (17.0.11+7) (build 17.0.11+7-LTS-207)
# Java VM: Java HotSpot(TM) 64-Bit Server VM (17.0.11+7-LTS-207, mixed mode, sharing, tiered, compressed oops, compressed class ptrs, g1 gc, windows-amd64)
# No core dump will be written. Minidumps are not enabled by default on client versions of Windows
#

---------------  S U M M A R Y ------------

Command Line: -Xmx64m -Xms64m -Dorg.gradle.appname=gradlew E:\ZuvyStore\ZuvyStore\android\\gradle\wrapper\gradle-wrapper.jar app:installDebug -PreactNativeDevServerPort=8081

Host: Intel(R) Core(TM) i3-1005G1 CPU @ 1.20GHz, 4 cores, 7G,  Windows 11 , 64 bit Build 26100 (10.0.26100.4484)
Time: Tue Oct 21 23:15:27 2025 India Standard Time elapsed time: 1.316910 seconds (0d 0h 0m 1s)

---------------  T H R E A D  ---------------

Current thread (0x0000019bf0271b60):  JavaThread "C2 CompilerThread1" daemon [_thread_in_native, id=12012, stack(0x0000004508c00000,0x0000004508d00000)]


Current CompileTask:
C2:   1317  822  s!   4       jdk.internal.loader.URLClassPath::getLoader (194 bytes)

Stack: [0x0000004508c00000,0x0000004508d00000]
Native frames: (J=compiled Java code, j=interpreted, Vv=VM code, C=native code)
V  [jvm.dll+0x679cca]
V  [jvm.dll+0x7da13d]
V  [jvm.dll+0x7dba83]
V  [jvm.dll+0x7dc0f3]
V  [jvm.dll+0x2449af]
V  [jvm.dll+0xab83b]
V  [jvm.dll+0xabe1c]
V  [jvm.dll+0x3615ae]
V  [jvm.dll+0x1b9dda]
V  [jvm.dll+0x216337]
V  [jvm.dll+0x21560f]
V  [jvm.dll+0x1a2040]
V  [jvm.dll+0x225a2b]
V  [jvm.dll+0x223bcb]
V  [jvm.dll+0x7903ec]
V  [jvm.dll+0x78a85a]
V  [jvm.dll+0x678bb5]
C  [ucrtbase.dll+0x37b0]
C  [KERNEL32.DLL+0x2e8d7]
C  [ntdll.dll+0x3c34c]


---------------  P R O C E S S  ---------------

Threads class SMR info:
_java_thread_list=0x0000019baab01f50, length=13, elements={
0x0000019b91706040, 0x0000019b917a3c80, 0x0000019b917a53b0, 0x0000019b917bb480,
0x0000019b917bde50, 0x0000019b917bf820, 0x0000019b917c01e0, 0x0000019b917c1390,
0x0000019baa641a30, 0x0000019baa698fb0, 0x0000019baa86f200, 0x0000019baa871b30,
0x0000019bf0271b60
}

Java Threads: ( => current thread )
  0x0000019b91706040 JavaThread "main" [_thread_blocked, id=17208, stack(0x0000004507600000,0x0000004507700000)]
  0x0000019b917a3c80 JavaThread "Reference Handler" daemon [_thread_blocked, id=6476, stack(0x0000004507d00000,0x0000004507e00000)]
  0x0000019b917a53b0 JavaThread "Finalizer" daemon [_thread_blocked, id=10944, stack(0x0000004507e00000,0x0000004507f00000)]
  0x0000019b917bb480 JavaThread "Signal Dispatcher" daemon [_thread_blocked, id=11036, stack(0x0000004507f00000,0x0000004508000000)]
  0x0000019b917bde50 JavaThread "Attach Listener" daemon [_thread_blocked, id=14804, stack(0x0000004508000000,0x0000004508100000)]
  0x0000019b917bf820 JavaThread "Service Thread" daemon [_thread_blocked, id=9520, stack(0x0000004508100000,0x0000004508200000)]
  0x0000019b917c01e0 JavaThread "Monitor Deflation Thread" daemon [_thread_blocked, id=10208, stack(0x0000004508200000,0x0000004508300000)]
  0x0000019b917c1390 JavaThread "C2 CompilerThread0" daemon [_thread_in_native, id=22960, stack(0x0000004508300000,0x0000004508400000)]
  0x0000019baa641a30 JavaThread "C1 CompilerThread0" daemon [_thread_blocked, id=18012, stack(0x0000004508400000,0x0000004508500000)]
  0x0000019baa698fb0 JavaThread "Sweeper thread" daemon [_thread_blocked, id=10040, stack(0x0000004508500000,0x0000004508600000)]
  0x0000019baa86f200 JavaThread "Notification Thread" daemon [_thread_blocked, id=19700, stack(0x0000004508600000,0x0000004508700000)]
  0x0000019baa871b30 JavaThread "Common-Cleaner" daemon [_thread_blocked, id=9840, stack(0x0000004508800000,0x0000004508900000)]
=>0x0000019bf0271b60 JavaThread "C2 CompilerThread1" daemon [_thread_in_native, id=12012, stack(0x0000004508c00000,0x0000004508d00000)]

Other Threads:
  0x0000019b9179b250 VMThread "VM Thread" [stack: 0x0000004507c00000,0x0000004507d00000] [id=22108]
  0x0000019baa8716f0 WatcherThread [stack: 0x0000004508700000,0x0000004508800000] [id=10400]
  0x0000019b91727ed0 GCTaskThread "GC Thread#0" [stack: 0x0000004507700000,0x0000004507800000] [id=20044]
  0x0000019baaac8120 GCTaskThread "GC Thread#1" [stack: 0x0000004508900000,0x0000004508a00000] [id=5288]
  0x0000019baab02ac0 GCTaskThread "GC Thread#2" [stack: 0x0000004508a00000,0x0000004508b00000] [id=21152]
  0x0000019baaada5e0 GCTaskThread "GC Thread#3" [stack: 0x0000004508b00000,0x0000004508c00000] [id=7028]
  0x0000019b91729630 ConcurrentGCThread "G1 Main Marker" [stack: 0x0000004507800000,0x0000004507900000] [id=25976]
  0x0000019b9172ad10 ConcurrentGCThread "G1 Conc#0" [stack: 0x0000004507900000,0x0000004507a00000] [id=3828]
  0x0000019b917810c0 ConcurrentGCThread "G1 Refine#0" [stack: 0x0000004507a00000,0x0000004507b00000] [id=12556]
  0x0000019b91781af0 ConcurrentGCThread "G1 Service" [stack: 0x0000004507b00000,0x0000004507c00000] [id=5048]

Threads with active compile tasks:
C2 CompilerThread0     1475  824   !   4       jdk.internal.loader.URLClassPath$JarLoader::getResource (65 bytes)
C2 CompilerThread1     1475  822  s!   4       jdk.internal.loader.URLClassPath::getLoader (194 bytes)

VM state: not at safepoint (normal execution)

VM Mutex/Monitor currently owned by a thread: None

Heap address: 0x00000000fc000000, size: 64 MB, Compressed Oops mode: 32-bit

CDS archive(s) mapped at: [0x0000019bab000000-0x0000019babbd0000-0x0000019babbd0000), size 12386304, SharedBaseAddress: 0x0000019bab000000, ArchiveRelocationMode: 1.
Compressed class space mapped at: 0x0000019bac000000-0x0000019bec000000, reserved size: 1073741824
Narrow klass base: 0x0000019bab000000, Narrow klass shift: 0, Narrow klass range: 0x100000000

GC Precious Log:
 CPUs: 4 total, 4 available
 Memory: 7880M
 Large Page Support: Disabled
 NUMA Support: Disabled
 Compressed Oops: Enabled (32-bit)
 Heap Region Size: 1M
 Heap Min Capacity: 64M
 Heap Initial Capacity: 64M
 Heap Max Capacity: 64M
 Pre-touch: Disabled
 Parallel Workers: 4
 Concurrent Workers: 1
 Concurrent Refinement Workers: 4
 Periodic GC: Disabled

Heap:
 garbage-first heap   total 65536K, used 13141K [0x00000000fc000000, 0x0000000100000000)
  region size 1024K, 7 young (7168K), 3 survivors (3072K)
 Metaspace       used 2898K, committed 3072K, reserved 1114112K
  class space    used 312K, committed 384K, reserved 1048576K

Heap Regions: E=young(eden), S=young(survivor), O=old, HS=humongous(starts), HC=humongous(continues), CS=collection set, F=free, OA=open archive, CA=closed archive, TAMS=top-at-mark-start (previous, next)
|   0|0x00000000fc000000, 0x00000000fc100000, 0x00000000fc100000|100%|HS|  |TAMS 0x00000000fc000000, 0x00000000fc000000| Complete 
|   1|0x00000000fc100000, 0x00000000fc200000, 0x00000000fc200000|100%|HC|  |TAMS 0x00000000fc100000, 0x00000000fc100000| Complete 
|   2|0x00000000fc200000, 0x00000000fc300000, 0x00000000fc300000|100%|HC|  |TAMS 0x00000000fc200000, 0x00000000fc200000| Complete 
|   3|0x00000000fc300000, 0x00000000fc400000, 0x00000000fc400000|100%| O|  |TAMS 0x00000000fc300000, 0x00000000fc300000| Untracked 
|   4|0x00000000fc400000, 0x00000000fc500000, 0x00000000fc500000|100%| O|  |TAMS 0x00000000fc400000, 0x00000000fc400000| Untracked 
|   5|0x00000000fc500000, 0x00000000fc600000, 0x00000000fc600000|100%| O|  |TAMS 0x00000000fc500000, 0x00000000fc500000| Untracked 
|   6|0x00000000fc600000, 0x00000000fc6d5600, 0x00000000fc700000| 83%| O|  |TAMS 0x00000000fc600000, 0x00000000fc600000| Untracked 
|   7|0x00000000fc700000, 0x00000000fc700000, 0x00000000fc800000|  0%| F|  |TAMS 0x00000000fc700000, 0x00000000fc700000| Untracked 
|   8|0x00000000fc800000, 0x00000000fc800000, 0x00000000fc900000|  0%| F|  |TAMS 0x00000000fc800000, 0x00000000fc800000| Untracked 
|   9|0x00000000fc900000, 0x00000000fc900000, 0x00000000fca00000|  0%| F|  |TAMS 0x00000000fc900000, 0x00000000fc900000| Untracked 
|  10|0x00000000fca00000, 0x00000000fca00000, 0x00000000fcb00000|  0%| F|  |TAMS 0x00000000fca00000, 0x00000000fca00000| Untracked 
|  11|0x00000000fcb00000, 0x00000000fcb00000, 0x00000000fcc00000|  0%| F|  |TAMS 0x00000000fcb00000, 0x00000000fcb00000| Untracked 
|  12|0x00000000fcc00000, 0x00000000fcc00000, 0x00000000fcd00000|  0%| F|  |TAMS 0x00000000fcc00000, 0x00000000fcc00000| Untracked 
|  13|0x00000000fcd00000, 0x00000000fcd00000, 0x00000000fce00000|  0%| F|  |TAMS 0x00000000fcd00000, 0x00000000fcd00000| Untracked 
|  14|0x00000000fce00000, 0x00000000fce00000, 0x00000000fcf00000|  0%| F|  |TAMS 0x00000000fce00000, 0x00000000fce00000| Untracked 
|  15|0x00000000fcf00000, 0x00000000fcf00000, 0x00000000fd000000|  0%| F|  |TAMS 0x00000000fcf00000, 0x00000000fcf00000| Untracked 
|  16|0x00000000fd000000, 0x00000000fd000000, 0x00000000fd100000|  0%| F|  |TAMS 0x00000000fd000000, 0x00000000fd000000| Untracked 
|  17|0x00000000fd100000, 0x00000000fd100000, 0x00000000fd200000|  0%| F|  |TAMS 0x00000000fd100000, 0x00000000fd100000| Untracked 
|  18|0x00000000fd200000, 0x00000000fd200000, 0x00000000fd300000|  0%| F|  |TAMS 0x00000000fd200000, 0x00000000fd200000| Untracked 
|  19|0x00000000fd300000, 0x00000000fd300000, 0x00000000fd400000|  0%| F|  |TAMS 0x00000000fd300000, 0x00000000fd300000| Untracked 
|  20|0x00000000fd400000, 0x00000000fd400000, 0x00000000fd500000|  0%| F|  |TAMS 0x00000000fd400000, 0x00000000fd400000| Untracked 
|  21|0x00000000fd500000, 0x00000000fd500000, 0x00000000fd600000|  0%| F|  |TAMS 0x00000000fd500000, 0x00000000fd500000| Untracked 
|  22|0x00000000fd600000, 0x00000000fd600000, 0x00000000fd700000|  0%| F|  |TAMS 0x00000000fd600000, 0x00000000fd600000| Untracked 
|  23|0x00000000fd700000, 0x00000000fd700000, 0x00000000fd800000|  0%| F|  |TAMS 0x00000000fd700000, 0x00000000fd700000| Untracked 
|  24|0x00000000fd800000, 0x00000000fd800000, 0x00000000fd900000|  0%| F|  |TAMS 0x00000000fd800000, 0x00000000fd800000| Untracked 
|  25|0x00000000fd900000, 0x00000000fd900000, 0x00000000fda00000|  0%| F|  |TAMS 0x00000000fd900000, 0x00000000fd900000| Untracked 
|  26|0x00000000fda00000, 0x00000000fda00000, 0x00000000fdb00000|  0%| F|  |TAMS 0x00000000fda00000, 0x00000000fda00000| Untracked 
|  27|0x00000000fdb00000, 0x00000000fdb00000, 0x00000000fdc00000|  0%| F|  |TAMS 0x00000000fdb00000, 0x00000000fdb00000| Untracked 
|  28|0x00000000fdc00000, 0x00000000fdc00000, 0x00000000fdd00000|  0%| F|  |TAMS 0x00000000fdc00000, 0x00000000fdc00000| Untracked 
|  29|0x00000000fdd00000, 0x00000000fdd00000, 0x00000000fde00000|  0%| F|  |TAMS 0x00000000fdd00000, 0x00000000fdd00000| Untracked 
|  30|0x00000000fde00000, 0x00000000fde00000, 0x00000000fdf00000|  0%| F|  |TAMS 0x00000000fde00000, 0x00000000fde00000| Untracked 
|  31|0x00000000fdf00000, 0x00000000fdf00000, 0x00000000fe000000|  0%| F|  |TAMS 0x00000000fdf00000, 0x00000000fdf00000| Untracked 
|  32|0x00000000fe000000, 0x00000000fe000000, 0x00000000fe100000|  0%| F|  |TAMS 0x00000000fe000000, 0x00000000fe000000| Untracked 
|  33|0x00000000fe100000, 0x00000000fe100000, 0x00000000fe200000|  0%| F|  |TAMS 0x00000000fe100000, 0x00000000fe100000| Untracked 
|  34|0x00000000fe200000, 0x00000000fe200000, 0x00000000fe300000|  0%| F|  |TAMS 0x00000000fe200000, 0x00000000fe200000| Untracked 
|  35|0x00000000fe300000, 0x00000000fe300000, 0x00000000fe400000|  0%| F|  |TAMS 0x00000000fe300000, 0x00000000fe300000| Untracked 
|  36|0x00000000fe400000, 0x00000000fe400000, 0x00000000fe500000|  0%| F|  |TAMS 0x00000000fe400000, 0x00000000fe400000| Untracked 
|  37|0x00000000fe500000, 0x00000000fe500000, 0x00000000fe600000|  0%| F|  |TAMS 0x00000000fe500000, 0x00000000fe500000| Untracked 
|  38|0x00000000fe600000, 0x00000000fe600000, 0x00000000fe700000|  0%| F|  |TAMS 0x00000000fe600000, 0x00000000fe600000| Untracked 
|  39|0x00000000fe700000, 0x00000000fe700000, 0x00000000fe800000|  0%| F|  |TAMS 0x00000000fe700000, 0x00000000fe700000| Untracked 
|  40|0x00000000fe800000, 0x00000000fe800000, 0x00000000fe900000|  0%| F|  |TAMS 0x00000000fe800000, 0x00000000fe800000| Untracked 
|  41|0x00000000fe900000, 0x00000000fea00000, 0x00000000fea00000|100%| S|CS|TAMS 0x00000000fe900000, 0x00000000fe900000| Complete 
|  42|0x00000000fea00000, 0x00000000feb00000, 0x00000000feb00000|100%| S|CS|TAMS 0x00000000fea00000, 0x00000000fea00000| Complete 
|  43|0x00000000feb00000, 0x00000000fec00000, 0x00000000fec00000|100%| S|CS|TAMS 0x00000000feb00000, 0x00000000feb00000| Complete 
|  44|0x00000000fec00000, 0x00000000fec00000, 0x00000000fed00000|  0%| F|  |TAMS 0x00000000fec00000, 0x00000000fec00000| Untracked 
|  45|0x00000000fed00000, 0x00000000fed00000, 0x00000000fee00000|  0%| F|  |TAMS 0x00000000fed00000, 0x00000000fed00000| Untracked 
|  46|0x00000000fee00000, 0x00000000fee00000, 0x00000000fef00000|  0%| F|  |TAMS 0x00000000fee00000, 0x00000000fee00000| Untracked 
|  47|0x00000000fef00000, 0x00000000fef00000, 0x00000000ff000000|  0%| F|  |TAMS 0x00000000fef00000, 0x00000000fef00000| Untracked 
|  48|0x00000000ff000000, 0x00000000ff000000, 0x00000000ff100000|  0%| F|  |TAMS 0x00000000ff000000, 0x00000000ff000000| Untracked 
|  49|0x00000000ff100000, 0x00000000ff100000, 0x00000000ff200000|  0%| F|  |TAMS 0x00000000ff100000, 0x00000000ff100000| Untracked 
|  50|0x00000000ff200000, 0x00000000ff200000, 0x00000000ff300000|  0%| F|  |TAMS 0x00000000ff200000, 0x00000000ff200000| Untracked 
|  51|0x00000000ff300000, 0x00000000ff300000, 0x00000000ff400000|  0%| F|  |TAMS 0x00000000ff300000, 0x00000000ff300000| Untracked 
|  52|0x00000000ff400000, 0x00000000ff400000, 0x00000000ff500000|  0%| F|  |TAMS 0x00000000ff400000, 0x00000000ff400000| Untracked 
|  53|0x00000000ff500000, 0x00000000ff500000, 0x00000000ff600000|  0%| F|  |TAMS 0x00000000ff500000, 0x00000000ff500000| Untracked 
|  54|0x00000000ff600000, 0x00000000ff600000, 0x00000000ff700000|  0%| F|  |TAMS 0x00000000ff600000, 0x00000000ff600000| Untracked 
|  55|0x00000000ff700000, 0x00000000ff700000, 0x00000000ff800000|  0%| F|  |TAMS 0x00000000ff700000, 0x00000000ff700000| Untracked 
|  56|0x00000000ff800000, 0x00000000ff800000, 0x00000000ff900000|  0%| F|  |TAMS 0x00000000ff800000, 0x00000000ff800000| Untracked 
|  57|0x00000000ff900000, 0x00000000ff900000, 0x00000000ffa00000|  0%| F|  |TAMS 0x00000000ff900000, 0x00000000ff900000| Untracked 
|  58|0x00000000ffa00000, 0x00000000ffa00000, 0x00000000ffb00000|  0%| F|  |TAMS 0x00000000ffa00000, 0x00000000ffa00000| Untracked 
|  59|0x00000000ffb00000, 0x00000000ffb00000, 0x00000000ffc00000|  0%| F|  |TAMS 0x00000000ffb00000, 0x00000000ffb00000| Untracked 
|  60|0x00000000ffc00000, 0x00000000ffc00800, 0x00000000ffd00000|  0%| E|  |TAMS 0x00000000ffc00000, 0x00000000ffc00000| Complete 
|  61|0x00000000ffd00000, 0x00000000ffe00000, 0x00000000ffe00000|100%| E|CS|TAMS 0x00000000ffd00000, 0x00000000ffd00000| Complete 
|  62|0x00000000ffe00000, 0x00000000fff00000, 0x00000000fff00000|100%| E|CS|TAMS 0x00000000ffe00000, 0x00000000ffe00000| Complete 
|  63|0x00000000fff00000, 0x0000000100000000, 0x0000000100000000|100%| E|CS|TAMS 0x00000000fff00000, 0x00000000fff00000| Complete 

Card table byte_map: [0x0000019b91510000,0x0000019b91530000] _byte_map_base: 0x0000019b90d30000

Marking Bits (Prev, Next): (CMBitMap*) 0x0000019b917284f0, (CMBitMap*) 0x0000019b91728530
 Prev Bits: [0x0000019b91550000, 0x0000019b91650000)
 Next Bits: [0x0000019ba7fc0000, 0x0000019ba80c0000)

Polling page: 0x0000019b8f6e0000

Metaspace:

Usage:
  Non-class:      2.53 MB used.
      Class:    312.59 KB used.
       Both:      2.83 MB used.

Virtual space:
  Non-class space:       64.00 MB reserved,       2.62 MB (  4%) committed,  1 nodes.
      Class space:        1.00 GB reserved,     384.00 KB ( <1%) committed,  1 nodes.
             Both:        1.06 GB reserved,       3.00 MB ( <1%) committed. 

Chunk freelists:
   Non-Class:  11.28 MB
       Class:  15.58 MB
        Both:  26.86 MB

MaxMetaspaceSize: unlimited
CompressedClassSpaceSize: 1.00 GB
Initial GC threshold: 21.00 MB
Current GC threshold: 21.00 MB
CDS: on
MetaspaceReclaimPolicy: balanced
 - commit_granule_bytes: 65536.
 - commit_granule_words: 8192.
 - virtual_space_node_default_size: 8388608.
 - enlarge_chunks_in_place: 1.
 - new_chunks_are_fully_committed: 0.
 - uncommit_free_chunks: 1.
 - use_allocation_guard: 0.
 - handle_deallocations: 1.


Internal statistics:

num_allocs_failed_limit: 0.
num_arena_births: 16.
num_arena_deaths: 0.
num_vsnodes_births: 2.
num_vsnodes_deaths: 0.
num_space_committed: 48.
num_space_uncommitted: 0.
num_chunks_returned_to_freelist: 0.
num_chunks_taken_from_freelist: 70.
num_chunk_merges: 0.
num_chunk_splits: 43.
num_chunks_enlarged: 37.
num_inconsistent_stats: 0.

CodeHeap 'non-profiled nmethods': size=120000Kb used=368Kb max_used=368Kb free=119631Kb
 bounds [0x0000019ba0a90000, 0x0000019ba0d00000, 0x0000019ba7fc0000]
CodeHeap 'profiled nmethods': size=120000Kb used=1725Kb max_used=1725Kb free=118274Kb
 bounds [0x0000019b98fc0000, 0x0000019b99230000, 0x0000019ba04f0000]
CodeHeap 'non-nmethods': size=5760Kb used=1137Kb max_used=1169Kb free=4622Kb
 bounds [0x0000019ba04f0000, 0x0000019ba0760000, 0x0000019ba0a90000]
 total_blobs=1306 nmethods=900 adapters=319
 compilation: enabled
              stopped_count=0, restarted_count=0
 full_count=0

Compilation events (20 events):
Event: 1.029 Thread 0x0000019baa641a30  851       3       sun.reflect.generics.parser.SignatureParser::current (59 bytes)
Event: 1.030 Thread 0x0000019baa641a30 nmethod 851 0x0000019b99155a10 code [0x0000019b99155c20, 0x0000019b991562f8]
Event: 1.030 Thread 0x0000019baa641a30  852       3       sun.reflect.generics.parser.SignatureParser::advance (53 bytes)
Event: 1.030 Thread 0x0000019baa641a30 nmethod 852 0x0000019b99156590 code [0x0000019b99156740, 0x0000019b99156998]
Event: 1.030 Thread 0x0000019baa641a30  853       3       java.lang.Character::isWhitespace (5 bytes)
Event: 1.030 Thread 0x0000019baa641a30 nmethod 853 0x0000019b99156a90 code [0x0000019b99156c40, 0x0000019b99156e98]
Event: 1.032 Thread 0x0000019baa641a30  854   !   3       java.util.jar.JarFile::getManifestFromReference (197 bytes)
Event: 1.033 Thread 0x0000019baa641a30 nmethod 854 0x0000019b99156f90 code [0x0000019b991572a0, 0x0000019b99158738]
Event: 1.033 Thread 0x0000019baa641a30  855       3       java.util.jar.JarFile::getManifest (5 bytes)
Event: 1.033 Thread 0x0000019baa641a30 nmethod 855 0x0000019b99158e90 code [0x0000019b99159020, 0x0000019b99159168]
Event: 1.036 Thread 0x0000019baa641a30  856       3       java.util.ArrayList::<init> (61 bytes)
Event: 1.037 Thread 0x0000019baa641a30 nmethod 856 0x0000019b99159210 code [0x0000019b99159480, 0x0000019b99159e18]
Event: 1.037 Thread 0x0000019baa641a30  857   !   3       jdk.internal.loader.URLClassPath$JarLoader::checkResource (78 bytes)
Event: 1.037 Thread 0x0000019baa641a30 nmethod 857 0x0000019b9915a110 code [0x0000019b9915a360, 0x0000019b9915ad88]
Event: 1.038 Thread 0x0000019baa641a30  858       3       java.util.HashMap$HashIterator::nextNode (100 bytes)
Event: 1.038 Thread 0x0000019baa641a30 nmethod 858 0x0000019b9915b210 code [0x0000019b9915b400, 0x0000019b9915b998]
Event: 1.038 Thread 0x0000019baa641a30  859       3       sun.invoke.util.VerifyAccess::isTypeVisible (118 bytes)
Event: 1.143 Thread 0x0000019baa641a30 nmethod 859 0x0000019b9915bb90 code [0x0000019b9915bfa0, 0x0000019b9915de98]
Event: 1.143 Thread 0x0000019baa641a30  861       3       java.lang.Object::equals (11 bytes)
Event: 1.143 Thread 0x0000019baa641a30 nmethod 861 0x0000019b9915e790 code [0x0000019b9915e920, 0x0000019b9915ea98]

GC Heap History (4 events):
Event: 0.359 GC heap before
{Heap before GC invocations=0 (full 0):
 garbage-first heap   total 65536K, used 13312K [0x00000000fc000000, 0x0000000100000000)
  region size 1024K, 13 young (13312K), 0 survivors (0K)
 Metaspace       used 1638K, committed 1792K, reserved 1114112K
  class space    used 156K, committed 192K, reserved 1048576K
}
Event: 0.362 GC heap after
{Heap after GC invocations=1 (full 0):
 garbage-first heap   total 65536K, used 1560K [0x00000000fc000000, 0x0000000100000000)
  region size 1024K, 2 young (2048K), 2 survivors (2048K)
 Metaspace       used 1638K, committed 1792K, reserved 1114112K
  class space    used 156K, committed 192K, reserved 1048576K
}
Event: 0.918 GC heap before
{Heap before GC invocations=1 (full 0):
 garbage-first heap   total 65536K, used 22040K [0x00000000fc000000, 0x0000000100000000)
  region size 1024K, 20 young (20480K), 2 survivors (2048K)
 Metaspace       used 2050K, committed 2176K, reserved 1114112K
  class space    used 186K, committed 256K, reserved 1048576K
}
Event: 0.923 GC heap after
{Heap after GC invocations=2 (full 0):
 garbage-first heap   total 65536K, used 10069K [0x00000000fc000000, 0x0000000100000000)
  region size 1024K, 3 young (3072K), 3 survivors (3072K)
 Metaspace       used 2050K, committed 2176K, reserved 1114112K
  class space    used 186K, committed 256K, reserved 1048576K
}

Deoptimization events (20 events):
Event: 0.627 Thread 0x0000019b91706040 Uncommon trap: trap_request=0xffffff45 fr.pc=0x0000019ba0ad2428 relative=0x0000000000000128
Event: 0.627 Thread 0x0000019b91706040 Uncommon trap: reason=unstable_if action=reinterpret pc=0x0000019ba0ad2428 method=java.lang.StringCoding.hasNegatives([BII)Z @ 12 c2
Event: 0.627 Thread 0x0000019b91706040 DEOPT PACKING pc=0x0000019ba0ad2428 sp=0x00000045076fbfa0
Event: 0.627 Thread 0x0000019b91706040 DEOPT UNPACKING pc=0x0000019ba0545ba3 sp=0x00000045076fbf30 mode 2
Event: 0.627 Thread 0x0000019b91706040 Uncommon trap: trap_request=0xffffff45 fr.pc=0x0000019ba0a98fb4 relative=0x00000000000001b4
Event: 0.627 Thread 0x0000019b91706040 Uncommon trap: reason=unstable_if action=reinterpret pc=0x0000019ba0a98fb4 method=java.lang.String.hashCode()I @ 20 c2
Event: 0.627 Thread 0x0000019b91706040 DEOPT PACKING pc=0x0000019ba0a98fb4 sp=0x00000045076fc030
Event: 0.627 Thread 0x0000019b91706040 DEOPT UNPACKING pc=0x0000019ba0545ba3 sp=0x00000045076fbfc0 mode 2
Event: 0.628 Thread 0x0000019b91706040 Uncommon trap: trap_request=0xffffff45 fr.pc=0x0000019ba0ace098 relative=0x0000000000000178
Event: 0.628 Thread 0x0000019b91706040 Uncommon trap: reason=unstable_if action=reinterpret pc=0x0000019ba0ace098 method=java.util.zip.ZipFile$Source.isMetaName([BII)Z @ 57 c2
Event: 0.628 Thread 0x0000019b91706040 DEOPT PACKING pc=0x0000019ba0ace098 sp=0x00000045076fc240
Event: 0.628 Thread 0x0000019b91706040 DEOPT UNPACKING pc=0x0000019ba0545ba3 sp=0x00000045076fc1d0 mode 2
Event: 0.656 Thread 0x0000019b91706040 DEOPT PACKING pc=0x0000019b990b6468 sp=0x00000045076fc840
Event: 0.656 Thread 0x0000019b91706040 DEOPT UNPACKING pc=0x0000019ba05466e3 sp=0x00000045076fbcd0 mode 0
Event: 1.010 Thread 0x0000019b91706040 DEOPT PACKING pc=0x0000019b99119bd6 sp=0x00000045076fc3c0
Event: 1.010 Thread 0x0000019b91706040 DEOPT UNPACKING pc=0x0000019ba05466e3 sp=0x00000045076fb848 mode 0
Event: 1.025 Thread 0x0000019b91706040 Uncommon trap: trap_request=0xffffff45 fr.pc=0x0000019ba0ac585c relative=0x000000000000005c
Event: 1.025 Thread 0x0000019b91706040 Uncommon trap: reason=unstable_if action=reinterpret pc=0x0000019ba0ac585c method=java.util.LinkedHashMap.afterNodeInsertion(Z)V @ 1 c2
Event: 1.025 Thread 0x0000019b91706040 DEOPT PACKING pc=0x0000019ba0ac585c sp=0x00000045076fd650
Event: 1.025 Thread 0x0000019b91706040 DEOPT UNPACKING pc=0x0000019ba0545ba3 sp=0x00000045076fd5d0 mode 2

Classes unloaded (0 events):
No events

Classes redefined (0 events):
No events

Internal exceptions (1 events):
Event: 0.165 Thread 0x0000019b91706040 Exception <a 'java/lang/NoSuchMethodError'{0x00000000ffdf1000}: 'int java.lang.invoke.DirectMethodHandle$Holder.invokeStaticInit(java.lang.Object, java.lang.Object)'> (0x00000000ffdf1000) 
thrown [s\open\src\hotspot\share\interpreter\linkResolver.cpp, line 759]

VM Operations (6 events):
Event: 0.084 Executing VM operation: HandshakeAllThreads
Event: 0.084 Executing VM operation: HandshakeAllThreads done
Event: 0.359 Executing VM operation: G1CollectForAllocation
Event: 0.362 Executing VM operation: G1CollectForAllocation done
Event: 0.918 Executing VM operation: G1CollectForAllocation
Event: 0.923 Executing VM operation: G1CollectForAllocation done

Events (20 events):
Event: 1.020 loading class sun/reflect/annotation/AnnotationTypeMismatchExceptionProxy
Event: 1.020 loading class sun/reflect/annotation/AnnotationTypeMismatchExceptionProxy done
Event: 1.020 loading class sun/reflect/annotation/AnnotationParser$1
Event: 1.020 loading class sun/reflect/annotation/AnnotationParser$1 done
Event: 1.020 loading class sun/reflect/annotation/AnnotationInvocationHandler
Event: 1.020 loading class sun/reflect/annotation/AnnotationInvocationHandler done
Event: 1.023 loading class java/lang/annotation/Target
Event: 1.024 loading class java/lang/annotation/Target done
Event: 1.029 loading class java/lang/reflect/InvocationTargetException
Event: 1.029 loading class java/lang/reflect/InvocationTargetException done
Event: 1.031 loading class java/util/concurrent/ConcurrentLinkedQueue
Event: 1.032 loading class java/util/AbstractQueue
Event: 1.032 loading class java/util/AbstractQueue done
Event: 1.032 loading class java/util/concurrent/ConcurrentLinkedQueue done
Event: 1.032 loading class java/util/concurrent/ConcurrentLinkedQueue$Node
Event: 1.032 loading class java/util/concurrent/ConcurrentLinkedQueue$Node done
Event: 1.036 loading class java/util/NoSuchElementException
Event: 1.036 loading class java/util/NoSuchElementException done
Event: 1.038 loading class java/lang/reflect/ParameterizedType
Event: 1.038 loading class java/lang/reflect/ParameterizedType done


Dynamic libraries:
0x00007ff6bbe40000 - 0x00007ff6bbe50000 	C:\Program Files\Java\jdk-17.0.11_windows-x64_bin\jdk-17.0.11\bin\java.exe
0x00007ffa51f60000 - 0x00007ffa521c8000 	C:\WINDOWS\SYSTEM32\ntdll.dll
0x00007ffa50b20000 - 0x00007ffa50be9000 	C:\WINDOWS\System32\KERNEL32.DLL
0x00007ffa4f3c0000 - 0x00007ffa4f7ad000 	C:\WINDOWS\System32\KERNELBASE.dll
0x00007ffa4f860000 - 0x00007ffa4f9ab000 	C:\WINDOWS\System32\ucrtbase.dll
0x00007ffa40670000 - 0x00007ffa40689000 	C:\Program Files\Java\jdk-17.0.11_windows-x64_bin\jdk-17.0.11\bin\jli.dll
0x00007ffa40610000 - 0x00007ffa4062b000 	C:\Program Files\Java\jdk-17.0.11_windows-x64_bin\jdk-17.0.11\bin\VCRUNTIME140.dll
0x00007ffa51280000 - 0x00007ffa51334000 	C:\WINDOWS\System32\ADVAPI32.dll
0x00007ffa50090000 - 0x00007ffa50139000 	C:\WINDOWS\System32\msvcrt.dll
0x00007ffa502b0000 - 0x00007ffa50356000 	C:\WINDOWS\System32\sechost.dll
0x00007ffa50190000 - 0x00007ffa502a8000 	C:\WINDOWS\System32\RPCRT4.dll
0x00007ffa506f0000 - 0x00007ffa508bc000 	C:\WINDOWS\System32\USER32.dll
0x00007ffa4f210000 - 0x00007ffa4f237000 	C:\WINDOWS\System32\win32u.dll
0x00007ffa4fd00000 - 0x00007ffa4fd2b000 	C:\WINDOWS\System32\GDI32.dll
0x00007ffa4f9b0000 - 0x00007ffa4fae7000 	C:\WINDOWS\System32\gdi32full.dll
0x00007ffa4f7b0000 - 0x00007ffa4f853000 	C:\WINDOWS\System32\msvcp_win.dll
0x00007ffa3eb30000 - 0x00007ffa3edca000 	C:\WINDOWS\WinSxS\amd64_microsoft.windows.common-controls_6595b64144ccf1df_6.0.26100.4484_none_3e0e6d4ce32ef3b3\COMCTL32.dll
0x00007ffa4e990000 - 0x00007ffa4e99b000 	C:\WINDOWS\SYSTEM32\VERSION.dll
0x00007ffa508f0000 - 0x00007ffa5091f000 	C:\WINDOWS\System32\IMM32.DLL
0x0000000068e70000 - 0x0000000068e7c000 	C:\Program Files (x86)\360\Total Security\safemon\SafeWrapper.dll
0x00007ffa49a60000 - 0x00007ffa49a6c000 	C:\Program Files\Java\jdk-17.0.11_windows-x64_bin\jdk-17.0.11\bin\vcruntime140_1.dll
0x00007ffa2aff0000 - 0x00007ffa2b07e000 	C:\Program Files\Java\jdk-17.0.11_windows-x64_bin\jdk-17.0.11\bin\msvcp140.dll
0x00007ff9e50d0000 - 0x00007ff9e5cb0000 	C:\Program Files\Java\jdk-17.0.11_windows-x64_bin\jdk-17.0.11\bin\server\jvm.dll
0x00007ffa51050000 - 0x00007ffa51058000 	C:\WINDOWS\System32\PSAPI.DLL
0x00007ffa39f10000 - 0x00007ffa39f45000 	C:\WINDOWS\SYSTEM32\WINMM.dll
0x00007ffa43c40000 - 0x00007ffa43c4a000 	C:\WINDOWS\SYSTEM32\WSOCK32.dll
0x00007ffa51160000 - 0x00007ffa511d4000 	C:\WINDOWS\System32\WS2_32.dll
0x00007ffa4ddb0000 - 0x00007ffa4ddcb000 	C:\WINDOWS\SYSTEM32\kernel.appcore.dll
0x00007ffa438a0000 - 0x00007ffa438aa000 	C:\Program Files\Java\jdk-17.0.11_windows-x64_bin\jdk-17.0.11\bin\jimage.dll
0x00007ffa4c6d0000 - 0x00007ffa4c911000 	C:\WINDOWS\SYSTEM32\DBGHELP.DLL
0x00007ffa50360000 - 0x00007ffa506e6000 	C:\WINDOWS\System32\combase.dll
0x00007ffa50930000 - 0x00007ffa50a10000 	C:\WINDOWS\System32\OLEAUT32.dll
0x00007ffa38700000 - 0x00007ffa38743000 	C:\WINDOWS\SYSTEM32\dbgcore.DLL
0x00007ffa4f0b0000 - 0x00007ffa4f149000 	C:\WINDOWS\System32\bcryptPrimitives.dll
0x00007ffa3f890000 - 0x00007ffa3f8b5000 	C:\Program Files\Java\jdk-17.0.11_windows-x64_bin\jdk-17.0.11\bin\java.dll
0x00007ffa16130000 - 0x00007ffa16207000 	C:\Program Files\Java\jdk-17.0.11_windows-x64_bin\jdk-17.0.11\bin\jsvml.dll
0x00007ffa51340000 - 0x00007ffa51a8a000 	C:\WINDOWS\System32\SHELL32.dll
0x00007ffa4fb80000 - 0x00007ffa4fcf4000 	C:\WINDOWS\System32\wintypes.dll
0x00007ffa4cc60000 - 0x00007ffa4d4bb000 	C:\WINDOWS\SYSTEM32\windows.storage.dll
0x00007ffa50a20000 - 0x00007ffa50b15000 	C:\WINDOWS\System32\SHCORE.dll
0x00007ffa50020000 - 0x00007ffa5008a000 	C:\WINDOWS\System32\shlwapi.dll
0x00007ffa4efc0000 - 0x00007ffa4efef000 	C:\WINDOWS\SYSTEM32\profapi.dll
0x00007ffa30c70000 - 0x00007ffa30c89000 	C:\Program Files\Java\jdk-17.0.11_windows-x64_bin\jdk-17.0.11\bin\net.dll
0x00007ffa42b90000 - 0x00007ffa42cae000 	C:\WINDOWS\SYSTEM32\WINHTTP.dll
0x00007ffa4e370000 - 0x00007ffa4e3da000 	C:\WINDOWS\system32\mswsock.dll
0x00007ffa2da80000 - 0x00007ffa2da96000 	C:\Program Files\Java\jdk-17.0.11_windows-x64_bin\jdk-17.0.11\bin\nio.dll
0x00007ffa2d810000 - 0x00007ffa2d828000 	C:\Program Files\Java\jdk-17.0.11_windows-x64_bin\jdk-17.0.11\bin\zip.dll
0x00007ffa43470000 - 0x00007ffa43480000 	C:\Program Files\Java\jdk-17.0.11_windows-x64_bin\jdk-17.0.11\bin\verify.dll

dbghelp: loaded successfully - version: 4.0.5 - missing functions: none
symbol engine: initialized successfully - sym options: 0x614 - pdb path: .;C:\Program Files\Java\jdk-17.0.11_windows-x64_bin\jdk-17.0.11\bin;C:\WINDOWS\SYSTEM32;C:\WINDOWS\WinSxS\amd64_microsoft.windows.common-controls_6595b64144ccf1df_6.0.26100.4484_none_3e0e6d4ce32ef3b3;C:\Program Files (x86)\360\Total Security\safemon;C:\Program Files\Java\jdk-17.0.11_windows-x64_bin\jdk-17.0.11\bin\server

VM Arguments:
jvm_args: -Xmx64m -Xms64m -Dorg.gradle.appname=gradlew 
java_command: E:\ZuvyStore\ZuvyStore\android\\gradle\wrapper\gradle-wrapper.jar app:installDebug -PreactNativeDevServerPort=8081
java_class_path (initial): E:\ZuvyStore\ZuvyStore\android\\gradle\wrapper\gradle-wrapper.jar
Launcher Type: SUN_STANDARD

[Global flags]
     intx CICompilerCount                          = 3                                         {product} {ergonomic}
     uint ConcGCThreads                            = 1                                         {product} {ergonomic}
     uint G1ConcRefinementThreads                  = 4                                         {product} {ergonomic}
   size_t G1HeapRegionSize                         = 1048576                                   {product} {ergonomic}
    uintx GCDrainStackTargetSize                   = 64                                        {product} {ergonomic}
   size_t InitialHeapSize                          = 67108864                                  {product} {command line}
   size_t MarkStackSize                            = 4194304                                   {product} {ergonomic}
   size_t MaxHeapSize                              = 67108864                                  {product} {command line}
   size_t MaxNewSize                               = 39845888                                  {product} {ergonomic}
   size_t MinHeapDeltaBytes                        = 1048576                                   {product} {ergonomic}
   size_t MinHeapSize                              = 67108864                                  {product} {command line}
    uintx NonNMethodCodeHeapSize                   = 5832780                                {pd product} {ergonomic}
    uintx NonProfiledCodeHeapSize                  = 122912730                              {pd product} {ergonomic}
    uintx ProfiledCodeHeapSize                     = 122912730                              {pd product} {ergonomic}
    uintx ReservedCodeCacheSize                    = 251658240                              {pd product} {ergonomic}
     bool SegmentedCodeCache                       = true                                      {product} {ergonomic}
   size_t SoftMaxHeapSize                          = 67108864                               {manageable} {ergonomic}
     bool UseCompressedClassPointers               = true                           {product lp64_product} {ergonomic}
     bool UseCompressedOops                        = true                           {product lp64_product} {ergonomic}
     bool UseG1GC                                  = true                                      {product} {ergonomic}
     bool UseLargePagesIndividualAllocation        = false                                  {pd product} {ergonomic}

Logging:
Log output configuration:
 #0: stdout all=warning uptime,level,tags
 #1: stderr all=off uptime,level,tags

Environment Variables:
JAVA_HOME=C:\Program Files\Java\jdk-17.0.11_windows-x64_bin\jdk-17.0.11
PATH=E:\ZuvyStore\ZuvyStore\node_modules\.bin;E:\ZuvyStore\ZuvyStore\node_modules\.bin;E:\ZuvyStore\node_modules\.bin;E:\node_modules\.bin;C:\Users\hp\AppData\Roaming\npm\node_modules\npm\node_modules\@npmcli\run-script\lib\node-gyp-bin;C:\Program Files\Common Files\Oracle\Java\javapath;C:\WINDOWS\system32;C:\WINDOWS;C:\WINDOWS\System32\Wbem;C:\WINDOWS\System32\WindowsPowerShell\v1.0\;C:\WINDOWS\System32\OpenSSH\;C:\Program Files\Git\cmd;C:\Program Files\nodejs\;%JAVA_HOME%\bin;C:\Users\hp\AppData\Local\Android\Sdk\tools;C:\Users\hp\AppData\Local\Android\Sdk\bin;C:\Users\hp\AppData\Local\Android\Sdk\platform-tools;C:\Users\hp\AppData\Local\Microsoft\WindowsApps;C:\Users\hp\AppData\Roaming\npm;C:\Users\hp\AppData\Local\Programs\Microsoft VS Code\bin;C:\Users\hp\AppData\Local\Python\bin
USERNAME=hp
LANG=en_US.UTF-8
OS=Windows_NT
PROCESSOR_IDENTIFIER=Intel64 Family 6 Model 126 Stepping 5, GenuineIntel



---------------  S Y S T E M  ---------------

OS:
 Windows 11 , 64 bit Build 26100 (10.0.26100.4484)
OS uptime: 5 days 8:49 hours
Hyper-V role detected

CPU: total 4 (initial active 4) (2 cores per cpu, 2 threads per core) family 6 model 126 stepping 5 microcode 0x86, cx8, cmov, fxsr, ht, mmx, 3dnowpref, sse, sse2, sse3, ssse3, sse4.1, sse4.2, popcnt, lzcnt, tsc, tscinvbit, avx, avx2, aes, erms, clmul, bmi1, bmi2, adx, avx512f, avx512dq, avx512cd, avx512bw, avx512vl, sha, fma, vzeroupper, avx512_vpopcntdq, avx512_vpclmulqdq, avx512_vaes, avx512_vnni, clflush, clflushopt, avx512_vbmi2, avx512_vbmi, hv

Memory: 4k page, system-wide physical 7880M (565M free)
TotalPageFile size 23046M (AvailPageFile size 5M)
current process WorkingSet (physical memory assigned to process): 78M, peak: 83M
current process commit charge ("private bytes"): 146M, peak: 153M

vm_info: Java HotSpot(TM) 64-Bit Server VM (17.0.11+7-LTS-207) for windows-amd64 JRE (17.0.11+7-LTS-207), built on Mar 11 2024 19:01:50 by "mach5one" with MS VC++ 17.6 (VS2022)

END.
